 =====================>     TALLY 1: GLOBAL_POWER     <=====================

 Total Material
   Kappa-Fission Rate                   7.09521e+07 +/- 92874.9
   Fission Rate                         0.357124 +/- 0.000467338
 =====================>     TALLY 2: XY_POWER_MAP     <=====================

 Mesh Index (1, 1, 1)
   Total Material
     Kappa-Fission Rate                   0 +/- 0
 Mesh Index (2, 1, 1)
   Total Material
     Kappa-Fission Rate                   0 +/- 0
 Mesh Index (3, 1, 1)
   Total Material
     Kappa-Fission Rate                   0 +/- 0
 Mesh Index (4, 1, 1)
   Total Material
     Kappa-Fission Rate                   0 +/- 0
 Mesh Index (5, 1, 1)
   Total Material
     Kappa-Fission Rate                   0 +/- 0
 Mesh Index (6, 1, 1)
   Total Material
     Kappa-Fission Rate                   0 +/- 0
 Mesh Index (7, 1, 1)
   Total Material
     Kappa-Fission Rate                   0 +/- 0
 Mesh Index (8, 1, 1)
   Total Material
     Kappa-Fission Rate                   0 +/- 0
 Mesh Index (9, 1, 1)
   Total Material
     Kappa-Fission Rate                   0 +/- 0
 Mesh Index (10, 1, 1)
   Total Material
     Kappa-Fission Rate                   0 +/- 0
 Mesh Index (11, 1, 1)
   Total Material
     Kappa-Fission Rate                   0 +/- 0
 Mesh Index (12, 1, 1)
   Total Material
     Kappa-Fission Rate                   0 +/- 0
 Mesh Index (13, 1, 1)
   Total Material
     Kappa-Fission Rate                   0 +/- 0
 Mesh Index (14, 1, 1)
   Total Material
     Kappa-Fission Rate                   0 +/- 0
 Mesh Index (15, 1, 1)
   Total Material
     Kappa-Fission Rate                   0 +/- 0
 Mesh Index (16, 1, 1)
   Total Material
     Kappa-Fission Rate                   0 +/- 0
 Mesh Index (17, 1, 1)
   Total Material
     Kappa-Fission Rate                   0 +/- 0
 Mesh Index (18, 1, 1)
   Total Material
     Kappa-Fission Rate                   0 +/- 0
 Mesh Index (19, 1, 1)
   Total Material
     Kappa-Fission Rate                   0 +/- 0
 Mesh Index (20, 1, 1)
   Total Material
     Kappa-Fission Rate                   0 +/- 0
 Mesh Index (1, 2, 1)
   Total Material
     Kappa-Fission Rate                   0 +/- 0
 Mesh Index (2, 2, 1)
   Total Material
     Kappa-Fission Rate                   0 +/- 0
 Mesh Index (3, 2, 1)
   Total Material
     Kappa-Fission Rate                   0 +/- 0
 Mesh Index (4, 2, 1)
   Total Material
     Kappa-Fission Rate                   0 +/- 0
 Mesh Index (5, 2, 1)
   Total Material
     Kappa-Fission Rate                   0 +/- 0
 Mesh Index (6, 2, 1)
   Total Material
     Kappa-Fission Rate                   0 +/- 0
 Mesh Index (7, 2, 1)
   Total Material
     Kappa-Fission Rate                   0 +/- 0
 Mesh Index (8, 2, 1)
   Total Material
     Kappa-Fission Rate                   0 +/- 0
 Mesh Index (9, 2, 1)
   Total Material
     Kappa-Fission Rate                   0 +/- 0
 Mesh Index (10, 2, 1)
   Total Material
     Kappa-Fission Rate                   7.23359 +/- 4.21751
 Mesh Index (11, 2, 1)
   Total Material
     Kappa-Fission Rate                   19.4162 +/- 12.3394
 Mesh Index (12, 2, 1)
   Total Material
     Kappa-Fission Rate                   0 +/- 0
 Mesh Index (13, 2, 1)
   Total Material
     Kappa-Fission Rate                   0 +/- 0
 Mesh Index (14, 2, 1)
   Total Material
     Kappa-Fission Rate                   0 +/- 0
 Mesh Index (15, 2, 1)
   Total Material
     Kappa-Fission Rate                   0 +/- 0
 Mesh Index (16, 2, 1)
   Total Material
     Kappa-Fission Rate                   0 +/- 0
 Mesh Index (17, 2, 1)
   Total Material
     Kappa-Fission Rate                   0 +/- 0
 Mesh Index (18, 2, 1)
   Total Material
     Kappa-Fission Rate                   0 +/- 0
 Mesh Index (19, 2, 1)
   Total Material
     Kappa-Fission Rate                   0 +/- 0
 Mesh Index (20, 2, 1)
   Total Material
     Kappa-Fission Rate                   0 +/- 0
 Mesh Index (1, 3, 1)
   Total Material
     Kappa-Fission Rate                   0 +/- 0
 Mesh Index (2, 3, 1)
   Total Material
     Kappa-Fission Rate                   0 +/- 0
 Mesh Index (3, 3, 1)
   Total Material
     Kappa-Fission Rate                   0 +/- 0
 Mesh Index (4, 3, 1)
   Total Material
     Kappa-Fission Rate                   0 +/- 0
 Mesh Index (5, 3, 1)
   Total Material
     Kappa-Fission Rate                   0 +/- 0
 Mesh Index (6, 3, 1)
   Total Material
     Kappa-Fission Rate                   0 +/- 0
 Mesh Index (7, 3, 1)
   Total Material
     Kappa-Fission Rate                   534.048 +/- 95.0363
 Mesh Index (8, 3, 1)
   Total Material
     Kappa-Fission Rate                   992.9 +/- 159.752
 Mesh Index (9, 3, 1)
   Total Material
     Kappa-Fission Rate                   1471.32 +/- 157.63
 Mesh Index (10, 3, 1)
   Total Material
     Kappa-Fission Rate                   2194.96 +/- 231.427
 Mesh Index (11, 3, 1)
   Total Material
     Kappa-Fission Rate                   2176.02 +/- 290.724
 Mesh Index (12, 3, 1)
   Total Material
     Kappa-Fission Rate                   1308.57 +/- 181.952
 Mesh Index (13, 3, 1)
   Total Material
     Kappa-Fission Rate                   477.631 +/- 77.9511
 Mesh Index (14, 3, 1)
   Total Material
     Kappa-Fission Rate                   85.3335 +/- 27.4649
 Mesh Index (15, 3, 1)
   Total Material
     Kappa-Fission Rate                   0 +/- 0
 Mesh Index (16, 3, 1)
   Total Material
     Kappa-Fission Rate                   0 +/- 0
 Mesh Index (17, 3, 1)
   Total Material
     Kappa-Fission Rate                   0 +/- 0
 Mesh Index (18, 3, 1)
   Total Material
     Kappa-Fission Rate                   0 +/- 0
 Mesh Index (19, 3, 1)
   Total Material
     Kappa-Fission Rate                   0 +/- 0
 Mesh Index (20, 3, 1)
   Total Material
     Kappa-Fission Rate                   0 +/- 0
 Mesh Index (1, 4, 1)
   Total Material
     Kappa-Fission Rate                   0 +/- 0
 Mesh Index (2, 4, 1)
   Total Material
     Kappa-Fission Rate                   0 +/- 0
 Mesh Index (3, 4, 1)
   Total Material
     Kappa-Fission Rate                   0 +/- 0
 Mesh Index (4, 4, 1)
   Total Material
     Kappa-Fission Rate                   0 +/- 0
 Mesh Index (5, 4, 1)
   Total Material
     Kappa-Fission Rate                   0 +/- 0
 Mesh Index (6, 4, 1)
   Total Material
     Kappa-Fission Rate                   1587.12 +/- 193.155
 Mesh Index (7, 4, 1)
   Total Material
     Kappa-Fission Rate                   6847.24 +/- 604.963
 Mesh Index (8, 4, 1)
   Total Material
     Kappa-Fission Rate                   40531.9 +/- 1862.79
 Mesh Index (9, 4, 1)
   Total Material
     Kappa-Fission Rate                   58709.3 +/- 2314.82
 Mesh Index (10, 4, 1)
   Total Material
     Kappa-Fission Rate                   70393.4 +/- 2405.26
 Mesh Index (11, 4, 1)
   Total Material
     Kappa-Fission Rate                   149946 +/- 5274.97
 Mesh Index (12, 4, 1)
   Total Material
     Kappa-Fission Rate                   40840.7 +/- 1807.09
 Mesh Index (13, 4, 1)
   Total Material
     Kappa-Fission Rate                   5871.77 +/- 418.521
 Mesh Index (14, 4, 1)
   Total Material
     Kappa-Fission Rate                   1254.74 +/- 158.607
 Mesh Index (15, 4, 1)
   Total Material
     Kappa-Fission Rate                   469.258 +/- 78.7356
 Mesh Index (16, 4, 1)
   Total Material
     Kappa-Fission Rate                   0 +/- 0
 Mesh Index (17, 4, 1)
   Total Material
     Kappa-Fission Rate                   0 +/- 0
 Mesh Index (18, 4, 1)
   Total Material
     Kappa-Fission Rate                   0 +/- 0
 Mesh Index (19, 4, 1)
   Total Material
     Kappa-Fission Rate                   0 +/- 0
 Mesh Index (20, 4, 1)
   Total Material
     Kappa-Fission Rate                   0 +/- 0
 Mesh Index (1, 5, 1)
   Total Material
     Kappa-Fission Rate                   0 +/- 0
 Mesh Index (2, 5, 1)
   Total Material
     Kappa-Fission Rate                   0 +/- 0
 Mesh Index (3, 5, 1)
   Total Material
     Kappa-Fission Rate                   0 +/- 0
 Mesh Index (4, 5, 1)
   Total Material
     Kappa-Fission Rate                   1.8481 +/- 0.80081
 Mesh Index (5, 5, 1)
   Total Material
     Kappa-Fission Rate                   975.546 +/- 154.799
 Mesh Index (6, 5, 1)
   Total Material
     Kappa-Fission Rate                   19222.8 +/- 1045.55
 Mesh Index (7, 5, 1)
   Total Material
     Kappa-Fission Rate                   224562 +/- 7422.91
 Mesh Index (8, 5, 1)
   Total Material
     Kappa-Fission Rate                   462582 +/- 13791.4
 Mesh Index (9, 5, 1)
   Total Material
     Kappa-Fission Rate                   501797 +/- 11851.6
 Mesh Index (10, 5, 1)
   Total Material
     Kappa-Fission Rate                   543572 +/- 11745.2
 Mesh Index (11, 5, 1)
   Total Material
     Kappa-Fission Rate                   503030 +/- 7263.35
 Mesh Index (12, 5, 1)
   Total Material
     Kappa-Fission Rate                   426760 +/- 9744.49
 Mesh Index (13, 5, 1)
   Total Material
     Kappa-Fission Rate                   186143 +/- 5163.15
 Mesh Index (14, 5, 1)
   Total Material
     Kappa-Fission Rate                   20955.6 +/- 1068.72
 Mesh Index (15, 5, 1)
   Total Material
     Kappa-Fission Rate                   3344.13 +/- 288.463
 Mesh Index (16, 5, 1)
   Total Material
     Kappa-Fission Rate                   932.389 +/- 185.856
 Mesh Index (17, 5, 1)
   Total Material
     Kappa-Fission Rate                   2.44921 +/- 1.77962
 Mesh Index (18, 5, 1)
   Total Material
     Kappa-Fission Rate                   0 +/- 0
 Mesh Index (19, 5, 1)
   Total Material
     Kappa-Fission Rate                   0 +/- 0
 Mesh Index (20, 5, 1)
   Total Material
     Kappa-Fission Rate                   0 +/- 0
 Mesh Index (1, 6, 1)
   Total Material
     Kappa-Fission Rate                   0 +/- 0
 Mesh Index (2, 6, 1)
   Total Material
     Kappa-Fission Rate                   0 +/- 0
 Mesh Index (3, 6, 1)
   Total Material
     Kappa-Fission Rate                   1.31113 +/- 0.736448
 Mesh Index (4, 6, 1)
   Total Material
     Kappa-Fission Rate                   648.149 +/- 164.075
 Mesh Index (5, 6, 1)
   Total Material
     Kappa-Fission Rate                   7370.86 +/- 468.702
 Mesh Index (6, 6, 1)
   Total Material
     Kappa-Fission Rate                   232661 +/- 5333.16
 Mesh Index (7, 6, 1)
   Total Material
     Kappa-Fission Rate                   597544 +/- 10128.3
 Mesh Index (8, 6, 1)
   Total Material
     Kappa-Fission Rate                   669754 +/- 13988.2
 Mesh Index (9, 6, 1)
   Total Material
     Kappa-Fission Rate                   357761 +/- 6185.04
 Mesh Index (10, 6, 1)
   Total Material
     Kappa-Fission Rate                   571490 +/- 10149.4
 Mesh Index (11, 6, 1)
   Total Material
     Kappa-Fission Rate                   370501 +/- 6072.1
 Mesh Index (12, 6, 1)
   Total Material
     Kappa-Fission Rate                   529865 +/- 11814.6
 Mesh Index (13, 6, 1)
   Total Material
     Kappa-Fission Rate                   533023 +/- 12866.1
 Mesh Index (14, 6, 1)
   Total Material
     Kappa-Fission Rate                   402691 +/- 9492.8
 Mesh Index (15, 6, 1)
   Total Material
     Kappa-Fission Rate                   124936 +/- 4269.62
 Mesh Index (16, 6, 1)
   Total Material
     Kappa-Fission Rate                   6837.95 +/- 557.061
 Mesh Index (17, 6, 1)
   Total Material
     Kappa-Fission Rate                   1035.34 +/- 180.575
 Mesh Index (18, 6, 1)
   Total Material
     Kappa-Fission Rate                   0.080237 +/- 0.0590284
 Mesh Index (19, 6, 1)
   Total Material
     Kappa-Fission Rate                   0 +/- 0
 Mesh Index (20, 6, 1)
   Total Material
     Kappa-Fission Rate                   0 +/- 0
 Mesh Index (1, 7, 1)
   Total Material
     Kappa-Fission Rate                   0 +/- 0
 Mesh Index (2, 7, 1)
   Total Material
     Kappa-Fission Rate                   0 +/- 0
 Mesh Index (3, 7, 1)
   Total Material
     Kappa-Fission Rate                   53.4072 +/- 23.4125
 Mesh Index (4, 7, 1)
   Total Material
     Kappa-Fission Rate                   4646.76 +/- 484.142
 Mesh Index (5, 7, 1)
   Total Material
     Kappa-Fission Rate                   70684.3 +/- 2456.51
 Mesh Index (6, 7, 1)
   Total Material
     Kappa-Fission Rate                   507213 +/- 9217.69
 Mesh Index (7, 7, 1)
   Total Material
     Kappa-Fission Rate                   505780 +/- 8007.03
 Mesh Index (8, 7, 1)
   Total Material
     Kappa-Fission Rate                   476163 +/- 8813.23
 Mesh Index (9, 7, 1)
   Total Material
     Kappa-Fission Rate                   690262 +/- 7874.73
 Mesh Index (10, 7, 1)
   Total Material
     Kappa-Fission Rate                   693599 +/- 12450.8
 Mesh Index (11, 7, 1)
   Total Material
     Kappa-Fission Rate                   656133 +/- 10428.9
 Mesh Index (12, 7, 1)
   Total Material
     Kappa-Fission Rate                   562276 +/- 10070.1
 Mesh Index (13, 7, 1)
   Total Material
     Kappa-Fission Rate                   366058 +/- 10836.7
 Mesh Index (14, 7, 1)
   Total Material
     Kappa-Fission Rate                   649407 +/- 13936.6
 Mesh Index (15, 7, 1)
   Total Material
     Kappa-Fission Rate                   494538 +/- 12101.3
 Mesh Index (16, 7, 1)
   Total Material
     Kappa-Fission Rate                   142525 +/- 3720.86
 Mesh Index (17, 7, 1)
   Total Material
     Kappa-Fission Rate                   3198.02 +/- 329.147
 Mesh Index (18, 7, 1)
   Total Material
     Kappa-Fission Rate                   31.9363 +/- 12.1736
 Mesh Index (19, 7, 1)
   Total Material
     Kappa-Fission Rate                   0 +/- 0
 Mesh Index (20, 7, 1)
   Total Material
     Kappa-Fission Rate                   0 +/- 0
 Mesh Index (1, 8, 1)
   Total Material
     Kappa-Fission Rate                   0 +/- 0
 Mesh Index (2, 8, 1)
   Total Material
     Kappa-Fission Rate                   0 +/- 0
 Mesh Index (3, 8, 1)
   Total Material
     Kappa-Fission Rate                   391.654 +/- 92.7336
 Mesh Index (4, 8, 1)
   Total Material
     Kappa-Fission Rate                   10819.6 +/- 677.838
 Mesh Index (5, 8, 1)
   Total Material
     Kappa-Fission Rate                   392362 +/- 8378.34
 Mesh Index (6, 8, 1)
   Total Material
     Kappa-Fission Rate                   440977 +/- 7547.1
 Mesh Index (7, 8, 1)
   Total Material
     Kappa-Fission Rate                   589410 +/- 8339.2
 Mesh Index (8, 8, 1)
   Total Material
     Kappa-Fission Rate                   685903 +/- 11638.1
 Mesh Index (9, 8, 1)
   Total Material
     Kappa-Fission Rate                   493252 +/- 7603.87
 Mesh Index (10, 8, 1)
   Total Material
     Kappa-Fission Rate                   700008 +/- 11282.1
 Mesh Index (11, 8, 1)
   Total Material
     Kappa-Fission Rate                   698036 +/- 10409.5
 Mesh Index (12, 8, 1)
   Total Material
     Kappa-Fission Rate                   712457 +/- 11537.9
 Mesh Index (13, 8, 1)
   Total Material
     Kappa-Fission Rate                   654079 +/- 12501.3
 Mesh Index (14, 8, 1)
   Total Material
     Kappa-Fission Rate                   374415 +/- 8321.2
 Mesh Index (15, 8, 1)
   Total Material
     Kappa-Fission Rate                   427797 +/- 10565.4
 Mesh Index (16, 8, 1)
   Total Material
     Kappa-Fission Rate                   284787 +/- 6998.09
 Mesh Index (17, 8, 1)
   Total Material
     Kappa-Fission Rate                   9500.11 +/- 717.958
 Mesh Index (18, 8, 1)
   Total Material
     Kappa-Fission Rate                   607.633 +/- 125.335
 Mesh Index (19, 8, 1)
   Total Material
     Kappa-Fission Rate                   0 +/- 0
 Mesh Index (20, 8, 1)
   Total Material
     Kappa-Fission Rate                   0 +/- 0
 Mesh Index (1, 9, 1)
   Total Material
     Kappa-Fission Rate                   0 +/- 0
 Mesh Index (2, 9, 1)
   Total Material
     Kappa-Fission Rate                   0.325585 +/- 0.218099
 Mesh Index (3, 9, 1)
   Total Material
     Kappa-Fission Rate                   995.021 +/- 189.494
 Mesh Index (4, 9, 1)
   Total Material
     Kappa-Fission Rate                   14750 +/- 763.427
 Mesh Index (5, 9, 1)
   Total Material
     Kappa-Fission Rate                   468920 +/- 8744.07
 Mesh Index (6, 9, 1)
   Total Material
     Kappa-Fission Rate                   509076 +/- 12535
 Mesh Index (7, 9, 1)
   Total Material
     Kappa-Fission Rate                   658045 +/- 9384.02
 Mesh Index (8, 9, 1)
   Total Material
     Kappa-Fission Rate                   743315 +/- 12196.4
 Mesh Index (9, 9, 1)
   Total Material
     Kappa-Fission Rate                   638762 +/- 8709.92
 Mesh Index (10, 9, 1)
   Total Material
     Kappa-Fission Rate                   594765 +/- 8803.38
 Mesh Index (11, 9, 1)
   Total Material
     Kappa-Fission Rate                   543941 +/- 9192.64
 Mesh Index (12, 9, 1)
   Total Material
     Kappa-Fission Rate                   630267 +/- 11100.5
 Mesh Index (13, 9, 1)
   Total Material
     Kappa-Fission Rate                   659180 +/- 10426.8
 Mesh Index (14, 9, 1)
   Total Material
     Kappa-Fission Rate                   600732 +/- 9006.06
 Mesh Index (15, 9, 1)
   Total Material
     Kappa-Fission Rate                   530741 +/- 9289.57
 Mesh Index (16, 9, 1)
   Total Material
     Kappa-Fission Rate                   512624 +/- 11263.1
 Mesh Index (17, 9, 1)
   Total Material
     Kappa-Fission Rate                   102370 +/- 3097.41
 Mesh Index (18, 9, 1)
   Total Material
     Kappa-Fission Rate                   2456.22 +/- 323.504
 Mesh Index (19, 9, 1)
   Total Material
     Kappa-Fission Rate                   2.64774 +/- 1.11926
 Mesh Index (20, 9, 1)
   Total Material
     Kappa-Fission Rate                   0 +/- 0
 Mesh Index (1, 10, 1)
   Total Material
     Kappa-Fission Rate                   0 +/- 0
 Mesh Index (2, 10, 1)
   Total Material
     Kappa-Fission Rate                   7.01667 +/- 3.36789
 Mesh Index (3, 10, 1)
   Total Material
     Kappa-Fission Rate                   1187.71 +/- 180.286
 Mesh Index (4, 10, 1)
   Total Material
     Kappa-Fission Rate                   16589.2 +/- 890.274
 Mesh Index (5, 10, 1)
   Total Material
     Kappa-Fission Rate                   486932 +/- 7480.14
 Mesh Index (6, 10, 1)
   Total Material
     Kappa-Fission Rate                   381802 +/- 8116.1
 Mesh Index (7, 10, 1)
   Total Material
     Kappa-Fission Rate                   700899 +/- 9158.34
 Mesh Index (8, 10, 1)
   Total Material
     Kappa-Fission Rate                   780838 +/- 13447.5
 Mesh Index (9, 10, 1)
   Total Material
     Kappa-Fission Rate                   507378 +/- 7979.05
 Mesh Index (10, 10, 1)
   Total Material
     Kappa-Fission Rate                   668244 +/- 10720.7
 Mesh Index (11, 10, 1)
   Total Material
     Kappa-Fission Rate                   542790 +/- 6782.85
 Mesh Index (12, 10, 1)
   Total Material
     Kappa-Fission Rate                   546346 +/- 9200.84
 Mesh Index (13, 10, 1)
   Total Material
     Kappa-Fission Rate                   671129 +/- 9673.09
 Mesh Index (14, 10, 1)
   Total Material
     Kappa-Fission Rate                   548304 +/- 9219.04
 Mesh Index (15, 10, 1)
   Total Material
     Kappa-Fission Rate                   275832 +/- 5087.99
 Mesh Index (16, 10, 1)
   Total Material
     Kappa-Fission Rate                   581223 +/- 9531.95
 Mesh Index (17, 10, 1)
   Total Material
     Kappa-Fission Rate                   188539 +/- 5477.6
 Mesh Index (18, 10, 1)
   Total Material
     Kappa-Fission Rate                   3344.62 +/- 415.389
 Mesh Index (19, 10, 1)
   Total Material
     Kappa-Fission Rate                   53.6255 +/- 15.2774
 Mesh Index (20, 10, 1)
   Total Material
     Kappa-Fission Rate                   0 +/- 0
 Mesh Index (1, 11, 1)
   Total Material
     Kappa-Fission Rate                   0 +/- 0
 Mesh Index (2, 11, 1)
   Total Material
     Kappa-Fission Rate                   24.3603 +/- 9.67129
 Mesh Index (3, 11, 1)
   Total Material
     Kappa-Fission Rate                   1184.72 +/- 157.686
 Mesh Index (4, 11, 1)
   Total Material
     Kappa-Fission Rate                   15907.1 +/- 834.219
 Mesh Index (5, 11, 1)
   Total Material
     Kappa-Fission Rate                   496689 +/- 10486.5
 Mesh Index (6, 11, 1)
   Total Material
     Kappa-Fission Rate                   609707 +/- 9402.75
 Mesh Index (7, 11, 1)
   Total Material
     Kappa-Fission Rate                   720331 +/- 11997.9
 Mesh Index (8, 11, 1)
   Total Material
     Kappa-Fission Rate                   811406 +/- 19107.7
 Mesh Index (9, 11, 1)
   Total Material
     Kappa-Fission Rate                   507576 +/- 7917.99
 Mesh Index (10, 11, 1)
   Total Material
     Kappa-Fission Rate                   663228 +/- 12313.8
 Mesh Index (11, 11, 1)
   Total Material
     Kappa-Fission Rate                   557379 +/- 9204.34
 Mesh Index (12, 11, 1)
   Total Material
     Kappa-Fission Rate                   550612 +/- 11533.3
 Mesh Index (13, 11, 1)
   Total Material
     Kappa-Fission Rate                   676107 +/- 11354.7
 Mesh Index (14, 11, 1)
   Total Material
     Kappa-Fission Rate                   584912 +/- 9099.23
 Mesh Index (15, 11, 1)
   Total Material
     Kappa-Fission Rate                   496933 +/- 8575.64
 Mesh Index (16, 11, 1)
   Total Material
     Kappa-Fission Rate                   561552 +/- 13884.5
 Mesh Index (17, 11, 1)
   Total Material
     Kappa-Fission Rate                   182622 +/- 6765.75
 Mesh Index (18, 11, 1)
   Total Material
     Kappa-Fission Rate                   3233.33 +/- 330.636
 Mesh Index (19, 11, 1)
   Total Material
     Kappa-Fission Rate                   65.2714 +/- 22.988
 Mesh Index (20, 11, 1)
   Total Material
     Kappa-Fission Rate                   0 +/- 0
 Mesh Index (1, 12, 1)
   Total Material
     Kappa-Fission Rate                   0 +/- 0
 Mesh Index (2, 12, 1)
   Total Material
     Kappa-Fission Rate                   1.09622 +/- 0.697341
 Mesh Index (3, 12, 1)
   Total Material
     Kappa-Fission Rate                   777.195 +/- 103.373
 Mesh Index (4, 12, 1)
   Total Material
     Kappa-Fission Rate                   18027.7 +/- 1429.06
 Mesh Index (5, 12, 1)
   Total Material
     Kappa-Fission Rate                   521422 +/- 10976.9
 Mesh Index (6, 12, 1)
   Total Material
     Kappa-Fission Rate                   326921 +/- 5888.05
 Mesh Index (7, 12, 1)
   Total Material
     Kappa-Fission Rate                   718542 +/- 12823.8
 Mesh Index (8, 12, 1)
   Total Material
     Kappa-Fission Rate                   800124 +/- 11845.8
 Mesh Index (9, 12, 1)
   Total Material
     Kappa-Fission Rate                   710468 +/- 14095.6
 Mesh Index (10, 12, 1)
   Total Material
     Kappa-Fission Rate                   668626 +/- 11360.4
 Mesh Index (11, 12, 1)
   Total Material
     Kappa-Fission Rate                   584339 +/- 10694.7
 Mesh Index (12, 12, 1)
   Total Material
     Kappa-Fission Rate                   666970 +/- 11557.5
 Mesh Index (13, 12, 1)
   Total Material
     Kappa-Fission Rate                   737731 +/- 10053
 Mesh Index (14, 12, 1)
   Total Material
     Kappa-Fission Rate                   659761 +/- 9953.69
 Mesh Index (15, 12, 1)
   Total Material
     Kappa-Fission Rate                   353903 +/- 5701.63
 Mesh Index (16, 12, 1)
   Total Material
     Kappa-Fission Rate                   493971 +/- 11249.6
 Mesh Index (17, 12, 1)
   Total Material
     Kappa-Fission Rate                   91705.4 +/- 3885.75
 Mesh Index (18, 12, 1)
   Total Material
     Kappa-Fission Rate                   1653.75 +/- 191.582
 Mesh Index (19, 12, 1)
   Total Material
     Kappa-Fission Rate                   2.51489 +/- 1.04212
 Mesh Index (20, 12, 1)
   Total Material
     Kappa-Fission Rate                   0 +/- 0
 Mesh Index (1, 13, 1)
   Total Material
     Kappa-Fission Rate                   0 +/- 0
 Mesh Index (2, 13, 1)
   Total Material
     Kappa-Fission Rate                   0 +/- 0
 Mesh Index (3, 13, 1)
   Total Material
     Kappa-Fission Rate                   667.395 +/- 154.358
 Mesh Index (4, 13, 1)
   Total Material
     Kappa-Fission Rate                   12318.9 +/- 871.415
 Mesh Index (5, 13, 1)
   Total Material
     Kappa-Fission Rate                   420018 +/- 8189.44
 Mesh Index (6, 13, 1)
   Total Material
     Kappa-Fission Rate                   719999 +/- 11260.1
 Mesh Index (7, 13, 1)
   Total Material
     Kappa-Fission Rate                   703689 +/- 8804.32
 Mesh Index (8, 13, 1)
   Total Material
     Kappa-Fission Rate                   784791 +/- 14225.8
 Mesh Index (9, 13, 1)
   Total Material
     Kappa-Fission Rate                   564962 +/- 9526.61
 Mesh Index (10, 13, 1)
   Total Material
     Kappa-Fission Rate                   823600 +/- 13631.9
 Mesh Index (11, 13, 1)
   Total Material
     Kappa-Fission Rate                   763288 +/- 14467.8
 Mesh Index (12, 13, 1)
   Total Material
     Kappa-Fission Rate                   737082 +/- 13562.3
 Mesh Index (13, 13, 1)
   Total Material
     Kappa-Fission Rate                   701903 +/- 12912.7
 Mesh Index (14, 13, 1)
   Total Material
     Kappa-Fission Rate                   425363 +/- 7847.52
 Mesh Index (15, 13, 1)
   Total Material
     Kappa-Fission Rate                   615081 +/- 12407.9
 Mesh Index (16, 13, 1)
   Total Material
     Kappa-Fission Rate                   277770 +/- 8782.62
 Mesh Index (17, 13, 1)
   Total Material
     Kappa-Fission Rate                   8274.13 +/- 499.975
 Mesh Index (18, 13, 1)
   Total Material
     Kappa-Fission Rate                   599.883 +/- 113.163
 Mesh Index (19, 13, 1)
   Total Material
     Kappa-Fission Rate                   0 +/- 0
 Mesh Index (20, 13, 1)
   Total Material
     Kappa-Fission Rate                   0 +/- 0
 Mesh Index (1, 14, 1)
   Total Material
     Kappa-Fission Rate                   0 +/- 0
 Mesh Index (2, 14, 1)
   Total Material
     Kappa-Fission Rate                   0 +/- 0
 Mesh Index (3, 14, 1)
   Total Material
     Kappa-Fission Rate                   35.0423 +/- 15.2285
 Mesh Index (4, 14, 1)
   Total Material
     Kappa-Fission Rate                   3966.96 +/- 452.959
 Mesh Index (5, 14, 1)
   Total Material
     Kappa-Fission Rate                   78658.4 +/- 2738.22
 Mesh Index (6, 14, 1)
   Total Material
     Kappa-Fission Rate                   562174 +/- 9556.76
 Mesh Index (7, 14, 1)
   Total Material
     Kappa-Fission Rate                   320026 +/- 5865.72
 Mesh Index (8, 14, 1)
   Total Material
     Kappa-Fission Rate                   682620 +/- 11716.6
 Mesh Index (9, 14, 1)
   Total Material
     Kappa-Fission Rate                   782361 +/- 12254.5
 Mesh Index (10, 14, 1)
   Total Material
     Kappa-Fission Rate                   826563 +/- 16151.3
 Mesh Index (11, 14, 1)
   Total Material
     Kappa-Fission Rate                   772802 +/- 15145.7
 Mesh Index (12, 14, 1)
   Total Material
     Kappa-Fission Rate                   650338 +/- 12389.3
 Mesh Index (13, 14, 1)
   Total Material
     Kappa-Fission Rate                   525187 +/- 8903.84
 Mesh Index (14, 14, 1)
   Total Material
     Kappa-Fission Rate                   422267 +/- 7325
 Mesh Index (15, 14, 1)
   Total Material
     Kappa-Fission Rate                   468731 +/- 10691.4
 Mesh Index (16, 14, 1)
   Total Material
     Kappa-Fission Rate                   129028 +/- 3949.34
 Mesh Index (17, 14, 1)
   Total Material
     Kappa-Fission Rate                   2826.02 +/- 330.147
 Mesh Index (18, 14, 1)
   Total Material
     Kappa-Fission Rate                   42.1582 +/- 23.1988
 Mesh Index (19, 14, 1)
   Total Material
     Kappa-Fission Rate                   0 +/- 0
 Mesh Index (20, 14, 1)
   Total Material
     Kappa-Fission Rate                   0 +/- 0
 Mesh Index (1, 15, 1)
   Total Material
     Kappa-Fission Rate                   0 +/- 0
 Mesh Index (2, 15, 1)
   Total Material
     Kappa-Fission Rate                   0 +/- 0
 Mesh Index (3, 15, 1)
   Total Material
     Kappa-Fission Rate                   0.0902374 +/- 0.0730829
 Mesh Index (4, 15, 1)
   Total Material
     Kappa-Fission Rate                   1080.49 +/- 234.739
 Mesh Index (5, 15, 1)
   Total Material
     Kappa-Fission Rate                   8101.1 +/- 493.516
 Mesh Index (6, 15, 1)
   Total Material
     Kappa-Fission Rate                   252120 +/- 4578.35
 Mesh Index (7, 15, 1)
   Total Material
     Kappa-Fission Rate                   638816 +/- 10013.5
 Mesh Index (8, 15, 1)
   Total Material
     Kappa-Fission Rate                   619924 +/- 9692.14
 Mesh Index (9, 15, 1)
   Total Material
     Kappa-Fission Rate                   444666 +/- 6684.94
 Mesh Index (10, 15, 1)
   Total Material
     Kappa-Fission Rate                   622001 +/- 8638.71
 Mesh Index (11, 15, 1)
   Total Material
     Kappa-Fission Rate                   414553 +/- 7186.81
 Mesh Index (12, 15, 1)
   Total Material
     Kappa-Fission Rate                   642071 +/- 12126.9
 Mesh Index (13, 15, 1)
   Total Material
     Kappa-Fission Rate                   472337 +/- 8157.62
 Mesh Index (14, 15, 1)
   Total Material
     Kappa-Fission Rate                   404144 +/- 6927.6
 Mesh Index (15, 15, 1)
   Total Material
     Kappa-Fission Rate                   121228 +/- 3526.64
 Mesh Index (16, 15, 1)
   Total Material
     Kappa-Fission Rate                   7275.21 +/- 602.162
 Mesh Index (17, 15, 1)
   Total Material
     Kappa-Fission Rate                   395.232 +/- 67.1339
 Mesh Index (18, 15, 1)
   Total Material
     Kappa-Fission Rate                   0.0872461 +/- 0.0656877
 Mesh Index (19, 15, 1)
   Total Material
     Kappa-Fission Rate                   0 +/- 0
 Mesh Index (20, 15, 1)
   Total Material
     Kappa-Fission Rate                   0 +/- 0
 Mesh Index (1, 16, 1)
   Total Material
     Kappa-Fission Rate                   0 +/- 0
 Mesh Index (2, 16, 1)
   Total Material
     Kappa-Fission Rate                   0 +/- 0
 Mesh Index (3, 16, 1)
   Total Material
     Kappa-Fission Rate                   0 +/- 0
 Mesh Index (4, 16, 1)
   Total Material
     Kappa-Fission Rate                   2.20083 +/- 0.824847
 Mesh Index (5, 16, 1)
   Total Material
     Kappa-Fission Rate                   1777.13 +/- 318.237
 Mesh Index (6, 16, 1)
   Total Material
     Kappa-Fission Rate                   22572.5 +/- 1201.19
 Mesh Index (7, 16, 1)
   Total Material
     Kappa-Fission Rate                   224556 +/- 5561.05
 Mesh Index (8, 16, 1)
   Total Material
     Kappa-Fission Rate                   505835 +/- 8835.37
 Mesh Index (9, 16, 1)
   Total Material
     Kappa-Fission Rate                   582127 +/- 8203.97
 Mesh Index (10, 16, 1)
   Total Material
     Kappa-Fission Rate                   594129 +/- 8302.23
 Mesh Index (11, 16, 1)
   Total Material
     Kappa-Fission Rate                   582775 +/- 10318.1
 Mesh Index (12, 16, 1)
   Total Material
     Kappa-Fission Rate                   470453 +/- 8202.27
 Mesh Index (13, 16, 1)
   Total Material
     Kappa-Fission Rate                   187932 +/- 5236.52
 Mesh Index (14, 16, 1)
   Total Material
     Kappa-Fission Rate                   22161.7 +/- 894.953
 Mesh Index (15, 16, 1)
   Total Material
     Kappa-Fission Rate                   3412.37 +/- 307.979
 Mesh Index (16, 16, 1)
   Total Material
     Kappa-Fission Rate                   685.758 +/- 122.74
 Mesh Index (17, 16, 1)
   Total Material
     Kappa-Fission Rate                   5.52221 +/- 4.62288
 Mesh Index (18, 16, 1)
   Total Material
     Kappa-Fission Rate                   0 +/- 0
 Mesh Index (19, 16, 1)
   Total Material
     Kappa-Fission Rate                   0 +/- 0
 Mesh Index (20, 16, 1)
   Total Material
     Kappa-Fission Rate                   0 +/- 0
 Mesh Index (1, 17, 1)
   Total Material
     Kappa-Fission Rate                   0 +/- 0
 Mesh Index (2, 17, 1)
   Total Material
     Kappa-Fission Rate                   0 +/- 0
 Mesh Index (3, 17, 1)
   Total Material
     Kappa-Fission Rate                   0 +/- 0
 Mesh Index (4, 17, 1)
   Total Material
     Kappa-Fission Rate                   0 +/- 0
 Mesh Index (5, 17, 1)
   Total Material
     Kappa-Fission Rate                   0 +/- 0
 Mesh Index (6, 17, 1)
   Total Material
     Kappa-Fission Rate                   1839.91 +/- 228.356
 Mesh Index (7, 17, 1)
   Total Material
     Kappa-Fission Rate                   5337.21 +/- 463.294
 Mesh Index (8, 17, 1)
   Total Material
     Kappa-Fission Rate                   47669.7 +/- 1940.03
 Mesh Index (9, 17, 1)
   Total Material
     Kappa-Fission Rate                   70904.2 +/- 2322.67
 Mesh Index (10, 17, 1)
   Total Material
     Kappa-Fission Rate                   75980.3 +/- 2069.89
 Mesh Index (11, 17, 1)
   Total Material
     Kappa-Fission Rate                   162421 +/- 4625.15
 Mesh Index (12, 17, 1)
   Total Material
     Kappa-Fission Rate                   45676.4 +/- 1816.5
 Mesh Index (13, 17, 1)
   Total Material
     Kappa-Fission Rate                   5579.67 +/- 477.108
 Mesh Index (14, 17, 1)
   Total Material
     Kappa-Fission Rate                   1592.38 +/- 222.079
 Mesh Index (15, 17, 1)
   Total Material
     Kappa-Fission Rate                   275.397 +/- 63.8667
 Mesh Index (16, 17, 1)
   Total Material
     Kappa-Fission Rate                   0 +/- 0
 Mesh Index (17, 17, 1)
   Total Material
     Kappa-Fission Rate                   0 +/- 0
 Mesh Index (18, 17, 1)
   Total Material
     Kappa-Fission Rate                   0 +/- 0
 Mesh Index (19, 17, 1)
   Total Material
     Kappa-Fission Rate                   0 +/- 0
 Mesh Index (20, 17, 1)
   Total Material
     Kappa-Fission Rate                   0 +/- 0
 Mesh Index (1, 18, 1)
   Total Material
     Kappa-Fission Rate                   0 +/- 0
 Mesh Index (2, 18, 1)
   Total Material
     Kappa-Fission Rate                   0 +/- 0
 Mesh Index (3, 18, 1)
   Total Material
     Kappa-Fission Rate                   0 +/- 0
 Mesh Index (4, 18, 1)
   Total Material
     Kappa-Fission Rate                   0 +/- 0
 Mesh Index (5, 18, 1)
   Total Material
     Kappa-Fission Rate                   0 +/- 0
 Mesh Index (6, 18, 1)
   Total Material
     Kappa-Fission Rate                   0 +/- 0
 Mesh Index (7, 18, 1)
   Total Material
     Kappa-Fission Rate                   380.684 +/- 87.5264
 Mesh Index (8, 18, 1)
   Total Material
     Kappa-Fission Rate                   1163.83 +/- 164.661
 Mesh Index (9, 18, 1)
   Total Material
     Kappa-Fission Rate                   1971.22 +/- 296.227
 Mesh Index (10, 18, 1)
   Total Material
     Kappa-Fission Rate                   2085.43 +/- 245.635
 Mesh Index (11, 18, 1)
   Total Material
     Kappa-Fission Rate                   2962.8 +/- 298.911
 Mesh Index (12, 18, 1)
   Total Material
     Kappa-Fission Rate                   1646.35 +/- 247.619
 Mesh Index (13, 18, 1)
   Total Material
     Kappa-Fission Rate                   485.611 +/- 90.1373
 Mesh Index (14, 18, 1)
   Total Material
     Kappa-Fission Rate                   80.3703 +/- 27.1047
 Mesh Index (15, 18, 1)
   Total Material
     Kappa-Fission Rate                   0 +/- 0
 Mesh Index (16, 18, 1)
   Total Material
     Kappa-Fission Rate                   0 +/- 0
 Mesh Index (17, 18, 1)
   Total Material
     Kappa-Fission Rate                   0 +/- 0
 Mesh Index (18, 18, 1)
   Total Material
     Kappa-Fission Rate                   0 +/- 0
 Mesh Index (19, 18, 1)
   Total Material
     Kappa-Fission Rate                   0 +/- 0
 Mesh Index (20, 18, 1)
   Total Material
     Kappa-Fission Rate                   0 +/- 0
 Mesh Index (1, 19, 1)
   Total Material
     Kappa-Fission Rate                   0 +/- 0
 Mesh Index (2, 19, 1)
   Total Material
     Kappa-Fission Rate                   0 +/- 0
 Mesh Index (3, 19, 1)
   Total Material
     Kappa-Fission Rate                   0 +/- 0
 Mesh Index (4, 19, 1)
   Total Material
     Kappa-Fission Rate                   0 +/- 0
 Mesh Index (5, 19, 1)
   Total Material
     Kappa-Fission Rate                   0 +/- 0
 Mesh Index (6, 19, 1)
   Total Material
     Kappa-Fission Rate                   0 +/- 0
 Mesh Index (7, 19, 1)
   Total Material
     Kappa-Fission Rate                   0 +/- 0
 Mesh Index (8, 19, 1)
   Total Material
     Kappa-Fission Rate                   0 +/- 0
 Mesh Index (9, 19, 1)
   Total Material
     Kappa-Fission Rate                   0 +/- 0
 Mesh Index (10, 19, 1)
   Total Material
     Kappa-Fission Rate                   22.9175 +/- 8.26886
 Mesh Index (11, 19, 1)
   Total Material
     Kappa-Fission Rate                   13.7354 +/- 5.20343
 Mesh Index (12, 19, 1)
   Total Material
     Kappa-Fission Rate                   0 +/- 0
 Mesh Index (13, 19, 1)
   Total Material
     Kappa-Fission Rate                   0 +/- 0
 Mesh Index (14, 19, 1)
   Total Material
     Kappa-Fission Rate                   0 +/- 0
 Mesh Index (15, 19, 1)
   Total Material
     Kappa-Fission Rate                   0 +/- 0
 Mesh Index (16, 19, 1)
   Total Material
     Kappa-Fission Rate                   0 +/- 0
 Mesh Index (17, 19, 1)
   Total Material
     Kappa-Fission Rate                   0 +/- 0
 Mesh Index (18, 19, 1)
   Total Material
     Kappa-Fission Rate                   0 +/- 0
 Mesh Index (19, 19, 1)
   Total Material
     Kappa-Fission Rate                   0 +/- 0
 Mesh Index (20, 19, 1)
   Total Material
     Kappa-Fission Rate                   0 +/- 0
 Mesh Index (1, 20, 1)
   Total Material
     Kappa-Fission Rate                   0 +/- 0
 Mesh Index (2, 20, 1)
   Total Material
     Kappa-Fission Rate                   0 +/- 0
 Mesh Index (3, 20, 1)
   Total Material
     Kappa-Fission Rate                   0 +/- 0
 Mesh Index (4, 20, 1)
   Total Material
     Kappa-Fission Rate                   0 +/- 0
 Mesh Index (5, 20, 1)
   Total Material
     Kappa-Fission Rate                   0 +/- 0
 Mesh Index (6, 20, 1)
   Total Material
     Kappa-Fission Rate                   0 +/- 0
 Mesh Index (7, 20, 1)
   Total Material
     Kappa-Fission Rate                   0 +/- 0
 Mesh Index (8, 20, 1)
   Total Material
     Kappa-Fission Rate                   0 +/- 0
 Mesh Index (9, 20, 1)
   Total Material
     Kappa-Fission Rate                   0 +/- 0
 Mesh Index (10, 20, 1)
   Total Material
     Kappa-Fission Rate                   0 +/- 0
 Mesh Index (11, 20, 1)
   Total Material
     Kappa-Fission Rate                   0 +/- 0
 Mesh Index (12, 20, 1)
   Total Material
     Kappa-Fission Rate                   0 +/- 0
 Mesh Index (13, 20, 1)
   Total Material
     Kappa-Fission Rate                   0 +/- 0
 Mesh Index (14, 20, 1)
   Total Material
     Kappa-Fission Rate                   0 +/- 0
 Mesh Index (15, 20, 1)
   Total Material
     Kappa-Fission Rate                   0 +/- 0
 Mesh Index (16, 20, 1)
   Total Material
     Kappa-Fission Rate                   0 +/- 0
 Mesh Index (17, 20, 1)
   Total Material
     Kappa-Fission Rate                   0 +/- 0
 Mesh Index (18, 20, 1)
   Total Material
     Kappa-Fission Rate                   0 +/- 0
 Mesh Index (19, 20, 1)
   Total Material
     Kappa-Fission Rate                   0 +/- 0
 Mesh Index (20, 20, 1)
   Total Material
     Kappa-Fission Rate                   0 +/- 0
 =====================>     TALLY 3: XZ_POWER_MAP     <=====================

 Mesh Index (1, 1, 1)
   Total Material
     Kappa-Fission Rate                   0 +/- 0
 Mesh Index (2, 1, 1)
   Total Material
     Kappa-Fission Rate                   0 +/- 0
 Mesh Index (3, 1, 1)
   Total Material
     Kappa-Fission Rate                   0 +/- 0
 Mesh Index (4, 1, 1)
   Total Material
     Kappa-Fission Rate                   0 +/- 0
 Mesh Index (5, 1, 1)
   Total Material
     Kappa-Fission Rate                   0 +/- 0
 Mesh Index (6, 1, 1)
   Total Material
     Kappa-Fission Rate                   0 +/- 0
 Mesh Index (7, 1, 1)
   Total Material
     Kappa-Fission Rate                   0 +/- 0
 Mesh Index (8, 1, 1)
   Total Material
     Kappa-Fission Rate                   0 +/- 0
 Mesh Index (9, 1, 1)
   Total Material
     Kappa-Fission Rate                   0 +/- 0
 Mesh Index (10, 1, 1)
   Total Material
     Kappa-Fission Rate                   0 +/- 0
 Mesh Index (11, 1, 1)
   Total Material
     Kappa-Fission Rate                   0 +/- 0
 Mesh Index (12, 1, 1)
   Total Material
     Kappa-Fission Rate                   0 +/- 0
 Mesh Index (13, 1, 1)
   Total Material
     Kappa-Fission Rate                   0 +/- 0
 Mesh Index (14, 1, 1)
   Total Material
     Kappa-Fission Rate                   0 +/- 0
 Mesh Index (15, 1, 1)
   Total Material
     Kappa-Fission Rate                   0 +/- 0
 Mesh Index (16, 1, 1)
   Total Material
     Kappa-Fission Rate                   0 +/- 0
 Mesh Index (17, 1, 1)
   Total Material
     Kappa-Fission Rate                   0 +/- 0
 Mesh Index (18, 1, 1)
   Total Material
     Kappa-Fission Rate                   0 +/- 0
 Mesh Index (19, 1, 1)
   Total Material
     Kappa-Fission Rate                   0 +/- 0
 Mesh Index (20, 1, 1)
   Total Material
     Kappa-Fission Rate                   0 +/- 0
 Mesh Index (1, 1, 2)
   Total Material
     Kappa-Fission Rate                   0 +/- 0
 Mesh Index (2, 1, 2)
   Total Material
     Kappa-Fission Rate                   0 +/- 0
 Mesh Index (3, 1, 2)
   Total Material
     Kappa-Fission Rate                   0 +/- 0
 Mesh Index (4, 1, 2)
   Total Material
     Kappa-Fission Rate                   0 +/- 0
 Mesh Index (5, 1, 2)
   Total Material
     Kappa-Fission Rate                   0 +/- 0
 Mesh Index (6, 1, 2)
   Total Material
     Kappa-Fission Rate                   0 +/- 0
 Mesh Index (7, 1, 2)
   Total Material
     Kappa-Fission Rate                   0 +/- 0
 Mesh Index (8, 1, 2)
   Total Material
     Kappa-Fission Rate                   0 +/- 0
 Mesh Index (9, 1, 2)
   Total Material
     Kappa-Fission Rate                   0 +/- 0
 Mesh Index (10, 1, 2)
   Total Material
     Kappa-Fission Rate                   0 +/- 0
 Mesh Index (11, 1, 2)
   Total Material
     Kappa-Fission Rate                   0 +/- 0
 Mesh Index (12, 1, 2)
   Total Material
     Kappa-Fission Rate                   0 +/- 0
 Mesh Index (13, 1, 2)
   Total Material
     Kappa-Fission Rate                   0 +/- 0
 Mesh Index (14, 1, 2)
   Total Material
     Kappa-Fission Rate                   0 +/- 0
 Mesh Index (15, 1, 2)
   Total Material
     Kappa-Fission Rate                   0 +/- 0
 Mesh Index (16, 1, 2)
   Total Material
     Kappa-Fission Rate                   0 +/- 0
 Mesh Index (17, 1, 2)
   Total Material
     Kappa-Fission Rate                   0 +/- 0
 Mesh Index (18, 1, 2)
   Total Material
     Kappa-Fission Rate                   0 +/- 0
 Mesh Index (19, 1, 2)
   Total Material
     Kappa-Fission Rate                   0 +/- 0
 Mesh Index (20, 1, 2)
   Total Material
     Kappa-Fission Rate                   0 +/- 0
 Mesh Index (1, 1, 3)
   Total Material
     Kappa-Fission Rate                   0 +/- 0
 Mesh Index (2, 1, 3)
   Total Material
     Kappa-Fission Rate                   0 +/- 0
 Mesh Index (3, 1, 3)
   Total Material
     Kappa-Fission Rate                   0 +/- 0
 Mesh Index (4, 1, 3)
   Total Material
     Kappa-Fission Rate                   0 +/- 0
 Mesh Index (5, 1, 3)
   Total Material
     Kappa-Fission Rate                   0 +/- 0
 Mesh Index (6, 1, 3)
   Total Material
     Kappa-Fission Rate                   0 +/- 0
 Mesh Index (7, 1, 3)
   Total Material
     Kappa-Fission Rate                   0 +/- 0
 Mesh Index (8, 1, 3)
   Total Material
     Kappa-Fission Rate                   0 +/- 0
 Mesh Index (9, 1, 3)
   Total Material
     Kappa-Fission Rate                   0 +/- 0
 Mesh Index (10, 1, 3)
   Total Material
     Kappa-Fission Rate                   0 +/- 0
 Mesh Index (11, 1, 3)
   Total Material
     Kappa-Fission Rate                   0 +/- 0
 Mesh Index (12, 1, 3)
   Total Material
     Kappa-Fission Rate                   0 +/- 0
 Mesh Index (13, 1, 3)
   Total Material
     Kappa-Fission Rate                   0 +/- 0
 Mesh Index (14, 1, 3)
   Total Material
     Kappa-Fission Rate                   0 +/- 0
 Mesh Index (15, 1, 3)
   Total Material
     Kappa-Fission Rate                   0 +/- 0
 Mesh Index (16, 1, 3)
   Total Material
     Kappa-Fission Rate                   0 +/- 0
 Mesh Index (17, 1, 3)
   Total Material
     Kappa-Fission Rate                   0 +/- 0
 Mesh Index (18, 1, 3)
   Total Material
     Kappa-Fission Rate                   0 +/- 0
 Mesh Index (19, 1, 3)
   Total Material
     Kappa-Fission Rate                   0 +/- 0
 Mesh Index (20, 1, 3)
   Total Material
     Kappa-Fission Rate                   0 +/- 0
 Mesh Index (1, 1, 4)
   Total Material
     Kappa-Fission Rate                   0 +/- 0
 Mesh Index (2, 1, 4)
   Total Material
     Kappa-Fission Rate                   0 +/- 0
 Mesh Index (3, 1, 4)
   Total Material
     Kappa-Fission Rate                   0 +/- 0
 Mesh Index (4, 1, 4)
   Total Material
     Kappa-Fission Rate                   0 +/- 0
 Mesh Index (5, 1, 4)
   Total Material
     Kappa-Fission Rate                   0 +/- 0
 Mesh Index (6, 1, 4)
   Total Material
     Kappa-Fission Rate                   0 +/- 0
 Mesh Index (7, 1, 4)
   Total Material
     Kappa-Fission Rate                   0 +/- 0
 Mesh Index (8, 1, 4)
   Total Material
     Kappa-Fission Rate                   0 +/- 0
 Mesh Index (9, 1, 4)
   Total Material
     Kappa-Fission Rate                   0 +/- 0
 Mesh Index (10, 1, 4)
   Total Material
     Kappa-Fission Rate                   0 +/- 0
 Mesh Index (11, 1, 4)
   Total Material
     Kappa-Fission Rate                   0 +/- 0
 Mesh Index (12, 1, 4)
   Total Material
     Kappa-Fission Rate                   0 +/- 0
 Mesh Index (13, 1, 4)
   Total Material
     Kappa-Fission Rate                   0 +/- 0
 Mesh Index (14, 1, 4)
   Total Material
     Kappa-Fission Rate                   0 +/- 0
 Mesh Index (15, 1, 4)
   Total Material
     Kappa-Fission Rate                   0 +/- 0
 Mesh Index (16, 1, 4)
   Total Material
     Kappa-Fission Rate                   0 +/- 0
 Mesh Index (17, 1, 4)
   Total Material
     Kappa-Fission Rate                   0 +/- 0
 Mesh Index (18, 1, 4)
   Total Material
     Kappa-Fission Rate                   0 +/- 0
 Mesh Index (19, 1, 4)
   Total Material
     Kappa-Fission Rate                   0 +/- 0
 Mesh Index (20, 1, 4)
   Total Material
     Kappa-Fission Rate                   0 +/- 0
 Mesh Index (1, 1, 5)
   Total Material
     Kappa-Fission Rate                   0 +/- 0
 Mesh Index (2, 1, 5)
   Total Material
     Kappa-Fission Rate                   0 +/- 0
 Mesh Index (3, 1, 5)
   Total Material
     Kappa-Fission Rate                   0 +/- 0
 Mesh Index (4, 1, 5)
   Total Material
     Kappa-Fission Rate                   0 +/- 0
 Mesh Index (5, 1, 5)
   Total Material
     Kappa-Fission Rate                   0 +/- 0
 Mesh Index (6, 1, 5)
   Total Material
     Kappa-Fission Rate                   0 +/- 0
 Mesh Index (7, 1, 5)
   Total Material
     Kappa-Fission Rate                   0 +/- 0
 Mesh Index (8, 1, 5)
   Total Material
     Kappa-Fission Rate                   0 +/- 0
 Mesh Index (9, 1, 5)
   Total Material
     Kappa-Fission Rate                   0 +/- 0
 Mesh Index (10, 1, 5)
   Total Material
     Kappa-Fission Rate                   0 +/- 0
 Mesh Index (11, 1, 5)
   Total Material
     Kappa-Fission Rate                   0 +/- 0
 Mesh Index (12, 1, 5)
   Total Material
     Kappa-Fission Rate                   0 +/- 0
 Mesh Index (13, 1, 5)
   Total Material
     Kappa-Fission Rate                   0 +/- 0
 Mesh Index (14, 1, 5)
   Total Material
     Kappa-Fission Rate                   0 +/- 0
 Mesh Index (15, 1, 5)
   Total Material
     Kappa-Fission Rate                   0 +/- 0
 Mesh Index (16, 1, 5)
   Total Material
     Kappa-Fission Rate                   0 +/- 0
 Mesh Index (17, 1, 5)
   Total Material
     Kappa-Fission Rate                   0 +/- 0
 Mesh Index (18, 1, 5)
   Total Material
     Kappa-Fission Rate                   0 +/- 0
 Mesh Index (19, 1, 5)
   Total Material
     Kappa-Fission Rate                   0 +/- 0
 Mesh Index (20, 1, 5)
   Total Material
     Kappa-Fission Rate                   0 +/- 0
 Mesh Index (1, 1, 6)
   Total Material
     Kappa-Fission Rate                   0 +/- 0
 Mesh Index (2, 1, 6)
   Total Material
     Kappa-Fission Rate                   0 +/- 0
 Mesh Index (3, 1, 6)
   Total Material
     Kappa-Fission Rate                   0 +/- 0
 Mesh Index (4, 1, 6)
   Total Material
     Kappa-Fission Rate                   0 +/- 0
 Mesh Index (5, 1, 6)
   Total Material
     Kappa-Fission Rate                   0 +/- 0
 Mesh Index (6, 1, 6)
   Total Material
     Kappa-Fission Rate                   0 +/- 0
 Mesh Index (7, 1, 6)
   Total Material
     Kappa-Fission Rate                   0 +/- 0
 Mesh Index (8, 1, 6)
   Total Material
     Kappa-Fission Rate                   0 +/- 0
 Mesh Index (9, 1, 6)
   Total Material
     Kappa-Fission Rate                   0 +/- 0
 Mesh Index (10, 1, 6)
   Total Material
     Kappa-Fission Rate                   0 +/- 0
 Mesh Index (11, 1, 6)
   Total Material
     Kappa-Fission Rate                   0 +/- 0
 Mesh Index (12, 1, 6)
   Total Material
     Kappa-Fission Rate                   0 +/- 0
 Mesh Index (13, 1, 6)
   Total Material
     Kappa-Fission Rate                   0 +/- 0
 Mesh Index (14, 1, 6)
   Total Material
     Kappa-Fission Rate                   0 +/- 0
 Mesh Index (15, 1, 6)
   Total Material
     Kappa-Fission Rate                   0 +/- 0
 Mesh Index (16, 1, 6)
   Total Material
     Kappa-Fission Rate                   0 +/- 0
 Mesh Index (17, 1, 6)
   Total Material
     Kappa-Fission Rate                   0 +/- 0
 Mesh Index (18, 1, 6)
   Total Material
     Kappa-Fission Rate                   0 +/- 0
 Mesh Index (19, 1, 6)
   Total Material
     Kappa-Fission Rate                   0 +/- 0
 Mesh Index (20, 1, 6)
   Total Material
     Kappa-Fission Rate                   0 +/- 0
 Mesh Index (1, 1, 7)
   Total Material
     Kappa-Fission Rate                   0 +/- 0
 Mesh Index (2, 1, 7)
   Total Material
     Kappa-Fission Rate                   0 +/- 0
 Mesh Index (3, 1, 7)
   Total Material
     Kappa-Fission Rate                   0 +/- 0
 Mesh Index (4, 1, 7)
   Total Material
     Kappa-Fission Rate                   0 +/- 0
 Mesh Index (5, 1, 7)
   Total Material
     Kappa-Fission Rate                   0 +/- 0
 Mesh Index (6, 1, 7)
   Total Material
     Kappa-Fission Rate                   0 +/- 0
 Mesh Index (7, 1, 7)
   Total Material
     Kappa-Fission Rate                   0 +/- 0
 Mesh Index (8, 1, 7)
   Total Material
     Kappa-Fission Rate                   0 +/- 0
 Mesh Index (9, 1, 7)
   Total Material
     Kappa-Fission Rate                   0 +/- 0
 Mesh Index (10, 1, 7)
   Total Material
     Kappa-Fission Rate                   0 +/- 0
 Mesh Index (11, 1, 7)
   Total Material
     Kappa-Fission Rate                   0 +/- 0
 Mesh Index (12, 1, 7)
   Total Material
     Kappa-Fission Rate                   0 +/- 0
 Mesh Index (13, 1, 7)
   Total Material
     Kappa-Fission Rate                   0 +/- 0
 Mesh Index (14, 1, 7)
   Total Material
     Kappa-Fission Rate                   0 +/- 0
 Mesh Index (15, 1, 7)
   Total Material
     Kappa-Fission Rate                   0 +/- 0
 Mesh Index (16, 1, 7)
   Total Material
     Kappa-Fission Rate                   0 +/- 0
 Mesh Index (17, 1, 7)
   Total Material
     Kappa-Fission Rate                   0 +/- 0
 Mesh Index (18, 1, 7)
   Total Material
     Kappa-Fission Rate                   0 +/- 0
 Mesh Index (19, 1, 7)
   Total Material
     Kappa-Fission Rate                   0 +/- 0
 Mesh Index (20, 1, 7)
   Total Material
     Kappa-Fission Rate                   0 +/- 0
 Mesh Index (1, 1, 8)
   Total Material
     Kappa-Fission Rate                   0 +/- 0
 Mesh Index (2, 1, 8)
   Total Material
     Kappa-Fission Rate                   0 +/- 0
 Mesh Index (3, 1, 8)
   Total Material
     Kappa-Fission Rate                   0 +/- 0
 Mesh Index (4, 1, 8)
   Total Material
     Kappa-Fission Rate                   0 +/- 0
 Mesh Index (5, 1, 8)
   Total Material
     Kappa-Fission Rate                   0 +/- 0
 Mesh Index (6, 1, 8)
   Total Material
     Kappa-Fission Rate                   0 +/- 0
 Mesh Index (7, 1, 8)
   Total Material
     Kappa-Fission Rate                   0 +/- 0
 Mesh Index (8, 1, 8)
   Total Material
     Kappa-Fission Rate                   0 +/- 0
 Mesh Index (9, 1, 8)
   Total Material
     Kappa-Fission Rate                   0 +/- 0
 Mesh Index (10, 1, 8)
   Total Material
     Kappa-Fission Rate                   0 +/- 0
 Mesh Index (11, 1, 8)
   Total Material
     Kappa-Fission Rate                   0 +/- 0
 Mesh Index (12, 1, 8)
   Total Material
     Kappa-Fission Rate                   0 +/- 0
 Mesh Index (13, 1, 8)
   Total Material
     Kappa-Fission Rate                   0 +/- 0
 Mesh Index (14, 1, 8)
   Total Material
     Kappa-Fission Rate                   0 +/- 0
 Mesh Index (15, 1, 8)
   Total Material
     Kappa-Fission Rate                   0 +/- 0
 Mesh Index (16, 1, 8)
   Total Material
     Kappa-Fission Rate                   0 +/- 0
 Mesh Index (17, 1, 8)
   Total Material
     Kappa-Fission Rate                   0 +/- 0
 Mesh Index (18, 1, 8)
   Total Material
     Kappa-Fission Rate                   0 +/- 0
 Mesh Index (19, 1, 8)
   Total Material
     Kappa-Fission Rate                   0 +/- 0
 Mesh Index (20, 1, 8)
   Total Material
     Kappa-Fission Rate                   0 +/- 0
 Mesh Index (1, 1, 9)
   Total Material
     Kappa-Fission Rate                   0 +/- 0
 Mesh Index (2, 1, 9)
   Total Material
     Kappa-Fission Rate                   0 +/- 0
 Mesh Index (3, 1, 9)
   Total Material
     Kappa-Fission Rate                   0 +/- 0
 Mesh Index (4, 1, 9)
   Total Material
     Kappa-Fission Rate                   0 +/- 0
 Mesh Index (5, 1, 9)
   Total Material
     Kappa-Fission Rate                   0 +/- 0
 Mesh Index (6, 1, 9)
   Total Material
     Kappa-Fission Rate                   0 +/- 0
 Mesh Index (7, 1, 9)
   Total Material
     Kappa-Fission Rate                   0 +/- 0
 Mesh Index (8, 1, 9)
   Total Material
     Kappa-Fission Rate                   0 +/- 0
 Mesh Index (9, 1, 9)
   Total Material
     Kappa-Fission Rate                   0 +/- 0
 Mesh Index (10, 1, 9)
   Total Material
     Kappa-Fission Rate                   0 +/- 0
 Mesh Index (11, 1, 9)
   Total Material
     Kappa-Fission Rate                   0 +/- 0
 Mesh Index (12, 1, 9)
   Total Material
     Kappa-Fission Rate                   0 +/- 0
 Mesh Index (13, 1, 9)
   Total Material
     Kappa-Fission Rate                   0 +/- 0
 Mesh Index (14, 1, 9)
   Total Material
     Kappa-Fission Rate                   0 +/- 0
 Mesh Index (15, 1, 9)
   Total Material
     Kappa-Fission Rate                   0 +/- 0
 Mesh Index (16, 1, 9)
   Total Material
     Kappa-Fission Rate                   0 +/- 0
 Mesh Index (17, 1, 9)
   Total Material
     Kappa-Fission Rate                   0 +/- 0
 Mesh Index (18, 1, 9)
   Total Material
     Kappa-Fission Rate                   0 +/- 0
 Mesh Index (19, 1, 9)
   Total Material
     Kappa-Fission Rate                   0 +/- 0
 Mesh Index (20, 1, 9)
   Total Material
     Kappa-Fission Rate                   0 +/- 0
 Mesh Index (1, 1, 10)
   Total Material
     Kappa-Fission Rate                   0 +/- 0
 Mesh Index (2, 1, 10)
   Total Material
     Kappa-Fission Rate                   0 +/- 0
 Mesh Index (3, 1, 10)
   Total Material
     Kappa-Fission Rate                   0 +/- 0
 Mesh Index (4, 1, 10)
   Total Material
     Kappa-Fission Rate                   0 +/- 0
 Mesh Index (5, 1, 10)
   Total Material
     Kappa-Fission Rate                   0 +/- 0
 Mesh Index (6, 1, 10)
   Total Material
     Kappa-Fission Rate                   0 +/- 0
 Mesh Index (7, 1, 10)
   Total Material
     Kappa-Fission Rate                   0 +/- 0
 Mesh Index (8, 1, 10)
   Total Material
     Kappa-Fission Rate                   0 +/- 0
 Mesh Index (9, 1, 10)
   Total Material
     Kappa-Fission Rate                   0 +/- 0
 Mesh Index (10, 1, 10)
   Total Material
     Kappa-Fission Rate                   0 +/- 0
 Mesh Index (11, 1, 10)
   Total Material
     Kappa-Fission Rate                   0 +/- 0
 Mesh Index (12, 1, 10)
   Total Material
     Kappa-Fission Rate                   0 +/- 0
 Mesh Index (13, 1, 10)
   Total Material
     Kappa-Fission Rate                   0 +/- 0
 Mesh Index (14, 1, 10)
   Total Material
     Kappa-Fission Rate                   0 +/- 0
 Mesh Index (15, 1, 10)
   Total Material
     Kappa-Fission Rate                   0 +/- 0
 Mesh Index (16, 1, 10)
   Total Material
     Kappa-Fission Rate                   0 +/- 0
 Mesh Index (17, 1, 10)
   Total Material
     Kappa-Fission Rate                   0 +/- 0
 Mesh Index (18, 1, 10)
   Total Material
     Kappa-Fission Rate                   0 +/- 0
 Mesh Index (19, 1, 10)
   Total Material
     Kappa-Fission Rate                   0 +/- 0
 Mesh Index (20, 1, 10)
   Total Material
     Kappa-Fission Rate                   0 +/- 0
 Mesh Index (1, 1, 11)
   Total Material
     Kappa-Fission Rate                   0 +/- 0
 Mesh Index (2, 1, 11)
   Total Material
     Kappa-Fission Rate                   0 +/- 0
 Mesh Index (3, 1, 11)
   Total Material
     Kappa-Fission Rate                   0 +/- 0
 Mesh Index (4, 1, 11)
   Total Material
     Kappa-Fission Rate                   0 +/- 0
 Mesh Index (5, 1, 11)
   Total Material
     Kappa-Fission Rate                   0 +/- 0
 Mesh Index (6, 1, 11)
   Total Material
     Kappa-Fission Rate                   0 +/- 0
 Mesh Index (7, 1, 11)
   Total Material
     Kappa-Fission Rate                   0 +/- 0
 Mesh Index (8, 1, 11)
   Total Material
     Kappa-Fission Rate                   0 +/- 0
 Mesh Index (9, 1, 11)
   Total Material
     Kappa-Fission Rate                   0 +/- 0
 Mesh Index (10, 1, 11)
   Total Material
     Kappa-Fission Rate                   0 +/- 0
 Mesh Index (11, 1, 11)
   Total Material
     Kappa-Fission Rate                   0 +/- 0
 Mesh Index (12, 1, 11)
   Total Material
     Kappa-Fission Rate                   0 +/- 0
 Mesh Index (13, 1, 11)
   Total Material
     Kappa-Fission Rate                   0 +/- 0
 Mesh Index (14, 1, 11)
   Total Material
     Kappa-Fission Rate                   0 +/- 0
 Mesh Index (15, 1, 11)
   Total Material
     Kappa-Fission Rate                   0 +/- 0
 Mesh Index (16, 1, 11)
   Total Material
     Kappa-Fission Rate                   0 +/- 0
 Mesh Index (17, 1, 11)
   Total Material
     Kappa-Fission Rate                   0 +/- 0
 Mesh Index (18, 1, 11)
   Total Material
     Kappa-Fission Rate                   0 +/- 0
 Mesh Index (19, 1, 11)
   Total Material
     Kappa-Fission Rate                   0 +/- 0
 Mesh Index (20, 1, 11)
   Total Material
     Kappa-Fission Rate                   0 +/- 0
 Mesh Index (1, 1, 12)
   Total Material
     Kappa-Fission Rate                   0 +/- 0
 Mesh Index (2, 1, 12)
   Total Material
     Kappa-Fission Rate                   0 +/- 0
 Mesh Index (3, 1, 12)
   Total Material
     Kappa-Fission Rate                   0 +/- 0
 Mesh Index (4, 1, 12)
   Total Material
     Kappa-Fission Rate                   0 +/- 0
 Mesh Index (5, 1, 12)
   Total Material
     Kappa-Fission Rate                   0 +/- 0
 Mesh Index (6, 1, 12)
   Total Material
     Kappa-Fission Rate                   0 +/- 0
 Mesh Index (7, 1, 12)
   Total Material
     Kappa-Fission Rate                   0 +/- 0
 Mesh Index (8, 1, 12)
   Total Material
     Kappa-Fission Rate                   0 +/- 0
 Mesh Index (9, 1, 12)
   Total Material
     Kappa-Fission Rate                   0 +/- 0
 Mesh Index (10, 1, 12)
   Total Material
     Kappa-Fission Rate                   0 +/- 0
 Mesh Index (11, 1, 12)
   Total Material
     Kappa-Fission Rate                   0 +/- 0
 Mesh Index (12, 1, 12)
   Total Material
     Kappa-Fission Rate                   0 +/- 0
 Mesh Index (13, 1, 12)
   Total Material
     Kappa-Fission Rate                   0 +/- 0
 Mesh Index (14, 1, 12)
   Total Material
     Kappa-Fission Rate                   0 +/- 0
 Mesh Index (15, 1, 12)
   Total Material
     Kappa-Fission Rate                   0 +/- 0
 Mesh Index (16, 1, 12)
   Total Material
     Kappa-Fission Rate                   0 +/- 0
 Mesh Index (17, 1, 12)
   Total Material
     Kappa-Fission Rate                   0 +/- 0
 Mesh Index (18, 1, 12)
   Total Material
     Kappa-Fission Rate                   0 +/- 0
 Mesh Index (19, 1, 12)
   Total Material
     Kappa-Fission Rate                   0 +/- 0
 Mesh Index (20, 1, 12)
   Total Material
     Kappa-Fission Rate                   0 +/- 0
 Mesh Index (1, 1, 13)
   Total Material
     Kappa-Fission Rate                   0 +/- 0
 Mesh Index (2, 1, 13)
   Total Material
     Kappa-Fission Rate                   0 +/- 0
 Mesh Index (3, 1, 13)
   Total Material
     Kappa-Fission Rate                   0 +/- 0
 Mesh Index (4, 1, 13)
   Total Material
     Kappa-Fission Rate                   0 +/- 0
 Mesh Index (5, 1, 13)
   Total Material
     Kappa-Fission Rate                   0 +/- 0
 Mesh Index (6, 1, 13)
   Total Material
     Kappa-Fission Rate                   0 +/- 0
 Mesh Index (7, 1, 13)
   Total Material
     Kappa-Fission Rate                   0 +/- 0
 Mesh Index (8, 1, 13)
   Total Material
     Kappa-Fission Rate                   0 +/- 0
 Mesh Index (9, 1, 13)
   Total Material
     Kappa-Fission Rate                   0 +/- 0
 Mesh Index (10, 1, 13)
   Total Material
     Kappa-Fission Rate                   0 +/- 0
 Mesh Index (11, 1, 13)
   Total Material
     Kappa-Fission Rate                   0 +/- 0
 Mesh Index (12, 1, 13)
   Total Material
     Kappa-Fission Rate                   0 +/- 0
 Mesh Index (13, 1, 13)
   Total Material
     Kappa-Fission Rate                   0 +/- 0
 Mesh Index (14, 1, 13)
   Total Material
     Kappa-Fission Rate                   0 +/- 0
 Mesh Index (15, 1, 13)
   Total Material
     Kappa-Fission Rate                   0 +/- 0
 Mesh Index (16, 1, 13)
   Total Material
     Kappa-Fission Rate                   0 +/- 0
 Mesh Index (17, 1, 13)
   Total Material
     Kappa-Fission Rate                   0 +/- 0
 Mesh Index (18, 1, 13)
   Total Material
     Kappa-Fission Rate                   0 +/- 0
 Mesh Index (19, 1, 13)
   Total Material
     Kappa-Fission Rate                   0 +/- 0
 Mesh Index (20, 1, 13)
   Total Material
     Kappa-Fission Rate                   0 +/- 0
 Mesh Index (1, 1, 14)
   Total Material
     Kappa-Fission Rate                   0 +/- 0
 Mesh Index (2, 1, 14)
   Total Material
     Kappa-Fission Rate                   0.767501 +/- 0.552154
 Mesh Index (3, 1, 14)
   Total Material
     Kappa-Fission Rate                   470.854 +/- 122.13
 Mesh Index (4, 1, 14)
   Total Material
     Kappa-Fission Rate                   6276.48 +/- 543.752
 Mesh Index (5, 1, 14)
   Total Material
     Kappa-Fission Rate                   20897.9 +/- 792.845
 Mesh Index (6, 1, 14)
   Total Material
     Kappa-Fission Rate                   29167 +/- 1001.2
 Mesh Index (7, 1, 14)
   Total Material
     Kappa-Fission Rate                   41832.7 +/- 1345.17
 Mesh Index (8, 1, 14)
   Total Material
     Kappa-Fission Rate                   51410.5 +/- 1504.95
 Mesh Index (9, 1, 14)
   Total Material
     Kappa-Fission Rate                   48174.4 +/- 1119.8
 Mesh Index (10, 1, 14)
   Total Material
     Kappa-Fission Rate                   53502.8 +/- 1515.82
 Mesh Index (11, 1, 14)
   Total Material
     Kappa-Fission Rate                   48732.7 +/- 1216.8
 Mesh Index (12, 1, 14)
   Total Material
     Kappa-Fission Rate                   45392.9 +/- 1236.58
 Mesh Index (13, 1, 14)
   Total Material
     Kappa-Fission Rate                   42835.7 +/- 1257.55
 Mesh Index (14, 1, 14)
   Total Material
     Kappa-Fission Rate                   32587.3 +/- 1328.57
 Mesh Index (15, 1, 14)
   Total Material
     Kappa-Fission Rate                   23664.3 +/- 968.893
 Mesh Index (16, 1, 14)
   Total Material
     Kappa-Fission Rate                   19052.6 +/- 911.609
 Mesh Index (17, 1, 14)
   Total Material
     Kappa-Fission Rate                   6337.55 +/- 482.906
 Mesh Index (18, 1, 14)
   Total Material
     Kappa-Fission Rate                   903.538 +/- 160.609
 Mesh Index (19, 1, 14)
   Total Material
     Kappa-Fission Rate                   10.6175 +/- 7.1769
 Mesh Index (20, 1, 14)
   Total Material
     Kappa-Fission Rate                   0 +/- 0
 Mesh Index (1, 1, 15)
   Total Material
     Kappa-Fission Rate                   0 +/- 0
 Mesh Index (2, 1, 15)
   Total Material
     Kappa-Fission Rate                   0.529942 +/- 0.497172
 Mesh Index (3, 1, 15)
   Total Material
     Kappa-Fission Rate                   990.156 +/- 166.296
 Mesh Index (4, 1, 15)
   Total Material
     Kappa-Fission Rate                   21338.4 +/- 1131.72
 Mesh Index (5, 1, 15)
   Total Material
     Kappa-Fission Rate                   724380 +/- 11243
 Mesh Index (6, 1, 15)
   Total Material
     Kappa-Fission Rate                   1.11165e+06 +/- 13186.5
 Mesh Index (7, 1, 15)
   Total Material
     Kappa-Fission Rate                   1.58804e+06 +/- 16539.8
 Mesh Index (8, 1, 15)
   Total Material
     Kappa-Fission Rate                   1.97538e+06 +/- 23701.8
 Mesh Index (9, 1, 15)
   Total Material
     Kappa-Fission Rate                   1.67889e+06 +/- 19130.6
 Mesh Index (10, 1, 15)
   Total Material
     Kappa-Fission Rate                   1.9826e+06 +/- 21584.3
 Mesh Index (11, 1, 15)
   Total Material
     Kappa-Fission Rate                   1.78904e+06 +/- 22098.4
 Mesh Index (12, 1, 15)
   Total Material
     Kappa-Fission Rate                   1.7746e+06 +/- 19779.1
 Mesh Index (13, 1, 15)
   Total Material
     Kappa-Fission Rate                   1.52883e+06 +/- 17991
 Mesh Index (14, 1, 15)
   Total Material
     Kappa-Fission Rate                   1.21404e+06 +/- 15317.5
 Mesh Index (15, 1, 15)
   Total Material
     Kappa-Fission Rate                   936942 +/- 14106.3
 Mesh Index (16, 1, 15)
   Total Material
     Kappa-Fission Rate                   699915 +/- 12028.9
 Mesh Index (17, 1, 15)
   Total Material
     Kappa-Fission Rate                   131079 +/- 4161.62
 Mesh Index (18, 1, 15)
   Total Material
     Kappa-Fission Rate                   2048.5 +/- 205.507
 Mesh Index (19, 1, 15)
   Total Material
     Kappa-Fission Rate                   13.6231 +/- 4.73156
 Mesh Index (20, 1, 15)
   Total Material
     Kappa-Fission Rate                   0 +/- 0
 Mesh Index (1, 1, 16)
   Total Material
     Kappa-Fission Rate                   0 +/- 0
 Mesh Index (2, 1, 16)
   Total Material
     Kappa-Fission Rate                   7.99424 +/- 4.1708
 Mesh Index (3, 1, 16)
   Total Material
     Kappa-Fission Rate                   1519.79 +/- 180.952
 Mesh Index (4, 1, 16)
   Total Material
     Kappa-Fission Rate                   32588.5 +/- 1240.37
 Mesh Index (5, 1, 16)
   Total Material
     Kappa-Fission Rate                   1.06573e+06 +/- 12104.2
 Mesh Index (6, 1, 16)
   Total Material
     Kappa-Fission Rate                   1.67073e+06 +/- 18609.7
 Mesh Index (7, 1, 16)
   Total Material
     Kappa-Fission Rate                   2.38622e+06 +/- 22402.7
 Mesh Index (8, 1, 16)
   Total Material
     Kappa-Fission Rate                   2.91814e+06 +/- 32181.3
 Mesh Index (9, 1, 16)
   Total Material
     Kappa-Fission Rate                   2.49072e+06 +/- 18289.4
 Mesh Index (10, 1, 16)
   Total Material
     Kappa-Fission Rate                   2.9438e+06 +/- 23188.1
 Mesh Index (11, 1, 16)
   Total Material
     Kappa-Fission Rate                   2.65013e+06 +/- 18597.2
 Mesh Index (12, 1, 16)
   Total Material
     Kappa-Fission Rate                   2.59725e+06 +/- 23394
 Mesh Index (13, 1, 16)
   Total Material
     Kappa-Fission Rate                   2.3099e+06 +/- 21125.6
 Mesh Index (14, 1, 16)
   Total Material
     Kappa-Fission Rate                   1.85177e+06 +/- 16330.4
 Mesh Index (15, 1, 16)
   Total Material
     Kappa-Fission Rate                   1.42247e+06 +/- 18381.6
 Mesh Index (16, 1, 16)
   Total Material
     Kappa-Fission Rate                   1.07698e+06 +/- 16566.2
 Mesh Index (17, 1, 16)
   Total Material
     Kappa-Fission Rate                   213043 +/- 5922.33
 Mesh Index (18, 1, 16)
   Total Material
     Kappa-Fission Rate                   3369.55 +/- 365.744
 Mesh Index (19, 1, 16)
   Total Material
     Kappa-Fission Rate                   30.3649 +/- 9.21045
 Mesh Index (20, 1, 16)
   Total Material
     Kappa-Fission Rate                   0 +/- 0
 Mesh Index (1, 1, 17)
   Total Material
     Kappa-Fission Rate                   0 +/- 0
 Mesh Index (2, 1, 17)
   Total Material
     Kappa-Fission Rate                   10.7943 +/- 5.10271
 Mesh Index (3, 1, 17)
   Total Material
     Kappa-Fission Rate                   1553.17 +/- 244.72
 Mesh Index (4, 1, 17)
   Total Material
     Kappa-Fission Rate                   25241.1 +/- 1197.93
 Mesh Index (5, 1, 17)
   Total Material
     Kappa-Fission Rate                   892866 +/- 11106.4
 Mesh Index (6, 1, 17)
   Total Material
     Kappa-Fission Rate                   1.39805e+06 +/- 16059.2
 Mesh Index (7, 1, 17)
   Total Material
     Kappa-Fission Rate                   2.04395e+06 +/- 19380.8
 Mesh Index (8, 1, 17)
   Total Material
     Kappa-Fission Rate                   2.49179e+06 +/- 22705.7
 Mesh Index (9, 1, 17)
   Total Material
     Kappa-Fission Rate                   2.1254e+06 +/- 15599.5
 Mesh Index (10, 1, 17)
   Total Material
     Kappa-Fission Rate                   2.47335e+06 +/- 18072.6
 Mesh Index (11, 1, 17)
   Total Material
     Kappa-Fission Rate                   2.22156e+06 +/- 18545.7
 Mesh Index (12, 1, 17)
   Total Material
     Kappa-Fission Rate                   2.20053e+06 +/- 20459.9
 Mesh Index (13, 1, 17)
   Total Material
     Kappa-Fission Rate                   1.94801e+06 +/- 17379.5
 Mesh Index (14, 1, 17)
   Total Material
     Kappa-Fission Rate                   1.58587e+06 +/- 11508.3
 Mesh Index (15, 1, 17)
   Total Material
     Kappa-Fission Rate                   1.20487e+06 +/- 16887.5
 Mesh Index (16, 1, 17)
   Total Material
     Kappa-Fission Rate                   944035 +/- 15153.8
 Mesh Index (17, 1, 17)
   Total Material
     Kappa-Fission Rate                   183395 +/- 5937.84
 Mesh Index (18, 1, 17)
   Total Material
     Kappa-Fission Rate                   3297.29 +/- 313.973
 Mesh Index (19, 1, 17)
   Total Material
     Kappa-Fission Rate                   45.596 +/- 21.4711
 Mesh Index (20, 1, 17)
   Total Material
     Kappa-Fission Rate                   0 +/- 0
 Mesh Index (1, 1, 18)
   Total Material
     Kappa-Fission Rate                   0 +/- 0
 Mesh Index (2, 1, 18)
   Total Material
     Kappa-Fission Rate                   10.0717 +/- 5.19157
 Mesh Index (3, 1, 18)
   Total Material
     Kappa-Fission Rate                   601.7 +/- 99.7168
 Mesh Index (4, 1, 18)
   Total Material
     Kappa-Fission Rate                   11499.1 +/- 875.951
 Mesh Index (5, 1, 18)
   Total Material
     Kappa-Fission Rate                   246423 +/- 6580.2
 Mesh Index (6, 1, 18)
   Total Material
     Kappa-Fission Rate                   373969 +/- 7273.63
 Mesh Index (7, 1, 18)
   Total Material
     Kappa-Fission Rate                   547506 +/- 7504.2
 Mesh Index (8, 1, 18)
   Total Material
     Kappa-Fission Rate                   667897 +/- 9299.98
 Mesh Index (9, 1, 18)
   Total Material
     Kappa-Fission Rate                   564696 +/- 7014.45
 Mesh Index (10, 1, 18)
   Total Material
     Kappa-Fission Rate                   658535 +/- 7260.94
 Mesh Index (11, 1, 18)
   Total Material
     Kappa-Fission Rate                   589310 +/- 10334.3
 Mesh Index (12, 1, 18)
   Total Material
     Kappa-Fission Rate                   589911 +/- 8675.56
 Mesh Index (13, 1, 18)
   Total Material
     Kappa-Fission Rate                   546824 +/- 8585.5
 Mesh Index (14, 1, 18)
   Total Material
     Kappa-Fission Rate                   427702 +/- 6078.61
 Mesh Index (15, 1, 18)
   Total Material
     Kappa-Fission Rate                   325180 +/- 6017.17
 Mesh Index (16, 1, 18)
   Total Material
     Kappa-Fission Rate                   255421 +/- 5080.23
 Mesh Index (17, 1, 18)
   Total Material
     Kappa-Fission Rate                   55167.1 +/- 2696.3
 Mesh Index (18, 1, 18)
   Total Material
     Kappa-Fission Rate                   1885.59 +/- 290.48
 Mesh Index (19, 1, 18)
   Total Material
     Kappa-Fission Rate                   21.2443 +/- 9.74831
 Mesh Index (20, 1, 18)
   Total Material
     Kappa-Fission Rate                   0 +/- 0
 Mesh Index (1, 1, 19)
   Total Material
     Kappa-Fission Rate                   0 +/- 0
 Mesh Index (2, 1, 19)
   Total Material
     Kappa-Fission Rate                   2.64099 +/- 2.55202
 Mesh Index (3, 1, 19)
   Total Material
     Kappa-Fission Rate                   157.87 +/- 36.8196
 Mesh Index (4, 1, 19)
   Total Material
     Kappa-Fission Rate                   1815.26 +/- 435.208
 Mesh Index (5, 1, 19)
   Total Material
     Kappa-Fission Rate                   3614.04 +/- 320.157
 Mesh Index (6, 1, 19)
   Total Material
     Kappa-Fission Rate                   4315.16 +/- 474.844
 Mesh Index (7, 1, 19)
   Total Material
     Kappa-Fission Rate                   7745.37 +/- 354.96
 Mesh Index (8, 1, 19)
   Total Material
     Kappa-Fission Rate                   8994.12 +/- 491.01
 Mesh Index (9, 1, 19)
   Total Material
     Kappa-Fission Rate                   6556.98 +/- 314.765
 Mesh Index (10, 1, 19)
   Total Material
     Kappa-Fission Rate                   8727.59 +/- 448.745
 Mesh Index (11, 1, 19)
   Total Material
     Kappa-Fission Rate                   8336.9 +/- 357.736
 Mesh Index (12, 1, 19)
   Total Material
     Kappa-Fission Rate                   7287.09 +/- 410.181
 Mesh Index (13, 1, 19)
   Total Material
     Kappa-Fission Rate                   6827.19 +/- 402.79
 Mesh Index (14, 1, 19)
   Total Material
     Kappa-Fission Rate                   6160.06 +/- 387.932
 Mesh Index (15, 1, 19)
   Total Material
     Kappa-Fission Rate                   4098.32 +/- 287.354
 Mesh Index (16, 1, 19)
   Total Material
     Kappa-Fission Rate                   3812.78 +/- 324.531
 Mesh Index (17, 1, 19)
   Total Material
     Kappa-Fission Rate                   1450.91 +/- 171.159
 Mesh Index (18, 1, 19)
   Total Material
     Kappa-Fission Rate                   465.214 +/- 114.132
 Mesh Index (19, 1, 19)
   Total Material
     Kappa-Fission Rate                   2.61378 +/- 1.56244
 Mesh Index (20, 1, 19)
   Total Material
     Kappa-Fission Rate                   0 +/- 0
 Mesh Index (1, 1, 20)
   Total Material
     Kappa-Fission Rate                   0 +/- 0
 Mesh Index (2, 1, 20)
   Total Material
     Kappa-Fission Rate                   0 +/- 0
 Mesh Index (3, 1, 20)
   Total Material
     Kappa-Fission Rate                   0 +/- 0
 Mesh Index (4, 1, 20)
   Total Material
     Kappa-Fission Rate                   0 +/- 0
 Mesh Index (5, 1, 20)
   Total Material
     Kappa-Fission Rate                   0 +/- 0
 Mesh Index (6, 1, 20)
   Total Material
     Kappa-Fission Rate                   0 +/- 0
 Mesh Index (7, 1, 20)
   Total Material
     Kappa-Fission Rate                   0 +/- 0
 Mesh Index (8, 1, 20)
   Total Material
     Kappa-Fission Rate                   0 +/- 0
 Mesh Index (9, 1, 20)
   Total Material
     Kappa-Fission Rate                   0 +/- 0
 Mesh Index (10, 1, 20)
   Total Material
     Kappa-Fission Rate                   0 +/- 0
 Mesh Index (11, 1, 20)
   Total Material
     Kappa-Fission Rate                   0 +/- 0
 Mesh Index (12, 1, 20)
   Total Material
     Kappa-Fission Rate                   0 +/- 0
 Mesh Index (13, 1, 20)
   Total Material
     Kappa-Fission Rate                   0 +/- 0
 Mesh Index (14, 1, 20)
   Total Material
     Kappa-Fission Rate                   0 +/- 0
 Mesh Index (15, 1, 20)
   Total Material
     Kappa-Fission Rate                   0 +/- 0
 Mesh Index (16, 1, 20)
   Total Material
     Kappa-Fission Rate                   0 +/- 0
 Mesh Index (17, 1, 20)
   Total Material
     Kappa-Fission Rate                   0 +/- 0
 Mesh Index (18, 1, 20)
   Total Material
     Kappa-Fission Rate                   0 +/- 0
 Mesh Index (19, 1, 20)
   Total Material
     Kappa-Fission Rate                   0 +/- 0
 Mesh Index (20, 1, 20)
   Total Material
     Kappa-Fission Rate                   0 +/- 0
 =====================>     TALLY 4: CELL_POWER_9     <=====================

 Cell 9
   Total Material
     Kappa-Fission Rate                   49729.2 +/- 983.49
     Fission Rate                         0.000254727 +/- 4.99168e-06
 ====================>     TALLY 5: CELL_POWER_71     <=====================

 Cell 71
   Total Material
     Kappa-Fission Rate                   164372 +/- 2585.32
     Fission Rate                         0.000835017 +/- 1.30801e-05
 ====================>     TALLY 6: CELL_POWER_163     <====================

 Cell 163
   Total Material
     Kappa-Fission Rate                   21354.3 +/- 900.574
     Fission Rate                         0.000107461 +/- 4.53065e-06
 ====================>     TALLY 7: CELL_POWER_259     <====================

 Cell 259
   Total Material
     Kappa-Fission Rate                   3.3541e+06 +/- 25019.8
     Fission Rate                         0.0168751 +/- 0.000125883
 ====================>     TALLY 8: CELL_POWER_350     <====================

 Cell 350
   Total Material
     Kappa-Fission Rate                   23507.2 +/- 871.299
     Fission Rate                         0.00011987 +/- 4.40634e-06
 ====================>     TALLY 9: CELL_POWER_402     <====================

 Cell 402
   Total Material
     Kappa-Fission Rate                   8566.32 +/- 525.874
     Fission Rate                         4.39709e-05 +/- 2.69627e-06
